e:\users\it\code\invoice\build\src\invoice-gen-site\invoice-gen-site.dir\debug\vc143.pdb
e:\users\it\code\invoice\build\src\invoice-gen-site\invoice-gen-site.dir\debug\main.obj
e:\users\it\code\invoice\build\src\invoice-gen-site\cmakefiles\generate.stamp
e:\users\it\code\invoice\build\src\invoice-gen-site\debug\invoice-gen-site.pdb
e:\users\it\code\invoice\build\src\invoice-gen-site\invoice-gen-site.dir\debug\invoice-gen-site.tlog\cl.command.1.tlog
e:\users\it\code\invoice\build\src\invoice-gen-site\invoice-gen-site.dir\debug\invoice-gen-site.tlog\cl.read.1.tlog
e:\users\it\code\invoice\build\src\invoice-gen-site\invoice-gen-site.dir\debug\invoice-gen-site.tlog\cl.write.1.tlog
e:\users\it\code\invoice\build\src\invoice-gen-site\invoice-gen-site.dir\debug\invoice-gen-site.tlog\custombuild.command.1.tlog
e:\users\it\code\invoice\build\src\invoice-gen-site\invoice-gen-site.dir\debug\invoice-gen-site.tlog\custombuild.read.1.tlog
e:\users\it\code\invoice\build\src\invoice-gen-site\invoice-gen-site.dir\debug\invoice-gen-site.tlog\custombuild.write.1.tlog
e:\users\it\code\invoice\build\src\invoice-gen-site\invoice-gen-site.dir\debug\invoice-gen-site.tlog\link-cvtres.read.1.tlog
e:\users\it\code\invoice\build\src\invoice-gen-site\invoice-gen-site.dir\debug\invoice-gen-site.tlog\link-cvtres.write.1.tlog
e:\users\it\code\invoice\build\src\invoice-gen-site\invoice-gen-site.dir\debug\invoice-gen-site.tlog\link-rc.read.1.tlog
e:\users\it\code\invoice\build\src\invoice-gen-site\invoice-gen-site.dir\debug\invoice-gen-site.tlog\link-rc.write.1.tlog
e:\users\it\code\invoice\build\src\invoice-gen-site\invoice-gen-site.dir\debug\invoice-gen-site.tlog\link.command.1.tlog
e:\users\it\code\invoice\build\src\invoice-gen-site\invoice-gen-site.dir\debug\invoice-gen-site.tlog\link.read.1.tlog
e:\users\it\code\invoice\build\src\invoice-gen-site\invoice-gen-site.dir\debug\invoice-gen-site.tlog\link.read.2.tlog
e:\users\it\code\invoice\build\src\invoice-gen-site\invoice-gen-site.dir\debug\invoice-gen-site.tlog\link.read.4.tlog
e:\users\it\code\invoice\build\src\invoice-gen-site\invoice-gen-site.dir\debug\invoice-gen-site.tlog\link.read.5.tlog
e:\users\it\code\invoice\build\src\invoice-gen-site\invoice-gen-site.dir\debug\invoice-gen-site.tlog\link.read.6.tlog
e:\users\it\code\invoice\build\src\invoice-gen-site\invoice-gen-site.dir\debug\invoice-gen-site.tlog\link.write.1.tlog
